[debug] [2019-03-22T08:54:15.811Z] ----------------------------------------------------------------------
[debug] [2019-03-22T08:54:15.815Z] Command:       C:\Program Files\nodejs\node.exe C:\Users\nordb\AppData\Roaming\npm\node_modules\firebase-tools\lib\bin\firebase.js deploy
[debug] [2019-03-22T08:54:15.815Z] CLI Version:   6.5.0
[debug] [2019-03-22T08:54:15.815Z] Platform:      win32
[debug] [2019-03-22T08:54:15.815Z] Node Version:  v10.15.0
[debug] [2019-03-22T08:54:15.825Z] Time:          Fri Mar 22 2019 09:54:15 GMT+0100 (Central European Standard Time)
[debug] [2019-03-22T08:54:15.825Z] ----------------------------------------------------------------------
[debug] 
[debug] [2019-03-22T08:54:15.842Z] > command requires scopes: ["email","openid","https://www.googleapis.com/auth/cloudplatformprojects.readonly","https://www.googleapis.com/auth/firebase","https://www.googleapis.com/auth/cloud-platform"]
[debug] [2019-03-22T08:54:15.843Z] > authorizing via signed-in user
[debug] [2019-03-22T08:54:15.843Z] [iam] checking project grimstad-takeaway for permissions ["cloudfunctions.functions.create","cloudfunctions.functions.delete","cloudfunctions.functions.get","cloudfunctions.functions.list","cloudfunctions.functions.update","cloudfunctions.operations.get","datastore.indexes.create","datastore.indexes.delete","datastore.indexes.list","datastore.indexes.update","firebase.projects.get","firebasehosting.sites.update","firebaserules.releases.create","firebaserules.releases.update","firebaserules.rulesets.create"]
[debug] [2019-03-22T08:54:15.845Z] > refreshing access token with scopes: ["email","https://www.googleapis.com/auth/cloud-platform","https://www.googleapis.com/auth/cloudplatformprojects.readonly","https://www.googleapis.com/auth/firebase","openid"]
[debug] [2019-03-22T08:54:15.845Z] >>> HTTP REQUEST POST https://www.googleapis.com/oauth2/v3/token  
 <request body omitted>
[debug] [2019-03-22T08:54:16.061Z] <<< HTTP RESPONSE 200
[debug] [2019-03-22T08:54:16.068Z] >>> HTTP REQUEST POST https://cloudresourcemanager.googleapis.com/v1/projects/grimstad-takeaway:testIamPermissions  

[debug] [2019-03-22T08:55:20.143Z] ----------------------------------------------------------------------
[debug] [2019-03-22T08:55:20.146Z] Command:       C:\Program Files\nodejs\node.exe C:\Users\nordb\AppData\Roaming\npm\node_modules\firebase-tools\lib\bin\firebase.js serve
[debug] [2019-03-22T08:55:20.146Z] CLI Version:   6.5.0
[debug] [2019-03-22T08:55:20.146Z] Platform:      win32
[debug] [2019-03-22T08:55:20.146Z] Node Version:  v10.15.0
[debug] [2019-03-22T08:55:20.147Z] Time:          Fri Mar 22 2019 09:55:20 GMT+0100 (Central European Standard Time)
[debug] [2019-03-22T08:55:20.147Z] ----------------------------------------------------------------------
[debug] 
[debug] [2019-03-22T08:55:20.157Z] > command requires scopes: ["email","openid","https://www.googleapis.com/auth/cloudplatformprojects.readonly","https://www.googleapis.com/auth/firebase","https://www.googleapis.com/auth/cloud-platform"]
[debug] [2019-03-22T08:55:20.157Z] > authorizing via signed-in user
[debug] [2019-03-22T08:55:20.157Z] [iam] checking project grimstad-takeaway for permissions ["firebase.projects.get"]
[debug] [2019-03-22T08:55:20.159Z] >>> HTTP REQUEST POST https://cloudresourcemanager.googleapis.com/v1/projects/grimstad-takeaway:testIamPermissions  

[debug] [2019-03-22T08:55:21.165Z] <<< HTTP RESPONSE 200
[debug] [2019-03-22T08:55:21.166Z] >>> HTTP REQUEST GET https://cloudresourcemanager.googleapis.com/v1/projects/grimstad-takeaway  
 
[debug] [2019-03-22T08:55:22.118Z] <<< HTTP RESPONSE 200
